INFO  time: initialize in 0.26s
WARN  no build tool detected in workspace '/home/oli/Research/interpreting-rewards'. The most common cause for this problem is that the editor was opened in the wrong working directory, for example if you use sbt then the workspace directory should contain build.sbt. 
WARN  no build target: /home/oli/Research/interpreting-rewards/code/scala/MDP.scala
WARN  no build target: /home/oli/Research/interpreting-rewards/code/scala/agent-rewards/src/main/scala/MDP.scala
WARN  no build target: /home/oli/Research/interpreting-rewards/code/scala/agent-rewards/src/main/scala/MDP.scala
WARN  no build target: 
WARN  no build target: /home/oli/Research/interpreting-rewards/code/scala/agent-rewards/src/test/scala/Test1.scala
INFO  shutting down Metals
INFO  time: initialize in 0.25s
WARN  no build tool detected in workspace '/home/oli/Research/interpreting-rewards'. The most common cause for this problem is that the editor was opened in the wrong working directory, for example if you use sbt then the workspace directory should contain build.sbt. 
WARN  no build target: /home/oli/Research/interpreting-rewards/code/scala/agent-rewards/src/main/scala/MDP.scala
WARN  no build target: /home/oli/Research/interpreting-rewards/code/scala/agent-rewards/src/test/scala/Test1.scala
WARN  no build target: /home/oli/Research/interpreting-rewards/code/scala/agent-rewards/src/main/scala/Main.scala
Jul 15, 2021 1:43:13 PM org.eclipse.lsp4j.jsonrpc.RemoteEndpoint handleNotification
WARNING: Notification threw an exception: {
  "jsonrpc": "2.0",
  "method": "workspace/didChangeWatchedFiles",
  "params": {
    "changes": [
      {
        "uri": "file:///home/oli/Research/interpreting-rewards/code/scala/project/build.properties",
        "type": 3
      },
      {
        "uri": "file:///home/oli/Research/interpreting-rewards/code/scala/MDP.scala",
        "type": 3
      },
      {
        "uri": "file:///home/oli/Research/interpreting-rewards/code/scala/agent-rewards/project/build.properties",
        "type": 3
      },
      {
        "uri": "file:///home/oli/Research/interpreting-rewards/code/scala/agent-rewards/src/main/scala/Main.scala",
        "type": 3
      },
      {
        "uri": "file:///home/oli/Research/interpreting-rewards/code/scala/agent-rewards/src/main/scala/MDP.scala",
        "type": 3
      },
      {
        "uri": "file:///home/oli/Research/interpreting-rewards/code/scala/agent-rewards/src/test/scala/Test1.scala",
        "type": 3
      },
      {
        "uri": "file:///home/oli/Research/interpreting-rewards/code/scala/agent-rewards/build.sbt",
        "type": 3
      }
    ]
  }
}
java.lang.RuntimeException: java.lang.reflect.InvocationTargetException
	at org.eclipse.lsp4j.jsonrpc.services.GenericEndpoint.lambda$null$0(GenericEndpoint.java:67)
	at org.eclipse.lsp4j.jsonrpc.services.GenericEndpoint.notify(GenericEndpoint.java:152)
	at org.eclipse.lsp4j.jsonrpc.RemoteEndpoint.handleNotification(RemoteEndpoint.java:220)
	at org.eclipse.lsp4j.jsonrpc.RemoteEndpoint.consume(RemoteEndpoint.java:187)
	at org.eclipse.lsp4j.jsonrpc.json.StreamMessageProducer.handleMessage(StreamMessageProducer.java:192)
	at org.eclipse.lsp4j.jsonrpc.json.StreamMessageProducer.listen(StreamMessageProducer.java:94)
	at org.eclipse.lsp4j.jsonrpc.json.ConcurrentMessageProcessor.run(ConcurrentMessageProcessor.java:113)
	at java.base/java.util.concurrent.Executors$RunnableAdapter.call(Executors.java:515)
	at java.base/java.util.concurrent.FutureTask.run(FutureTask.java:264)
	at java.base/java.util.concurrent.ThreadPoolExecutor.runWorker(ThreadPoolExecutor.java:1128)
	at java.base/java.util.concurrent.ThreadPoolExecutor$Worker.run(ThreadPoolExecutor.java:628)
	at java.base/java.lang.Thread.run(Thread.java:829)
Caused by: java.lang.reflect.InvocationTargetException
	at java.base/jdk.internal.reflect.NativeMethodAccessorImpl.invoke0(Native Method)
	at java.base/jdk.internal.reflect.NativeMethodAccessorImpl.invoke(NativeMethodAccessorImpl.java:62)
	at java.base/jdk.internal.reflect.DelegatingMethodAccessorImpl.invoke(DelegatingMethodAccessorImpl.java:43)
	at java.base/java.lang.reflect.Method.invoke(Method.java:566)
	at org.eclipse.lsp4j.jsonrpc.services.GenericEndpoint.lambda$null$0(GenericEndpoint.java:65)
	... 11 more
Caused by: java.nio.file.NoSuchFileException: /home/oli/Research/interpreting-rewards/code/scala/project/build.properties
	at java.base/sun.nio.fs.UnixException.translateToIOException(UnixException.java:92)
	at java.base/sun.nio.fs.UnixException.rethrowAsIOException(UnixException.java:111)
	at java.base/sun.nio.fs.UnixException.rethrowAsIOException(UnixException.java:116)
	at java.base/sun.nio.fs.UnixFileSystemProvider.newByteChannel(UnixFileSystemProvider.java:219)
	at java.base/java.nio.file.Files.newByteChannel(Files.java:371)
	at java.base/java.nio.file.Files.newByteChannel(Files.java:422)
	at java.base/java.nio.file.Files.readAllBytes(Files.java:3206)
	at scala.meta.internal.io.PlatformFileIO$.slurp(PlatformFileIO.scala:45)
	at scala.meta.internal.io.FileIO$.slurp(FileIO.scala:24)
	at scala.meta.internal.metals.MetalsLanguageServer.$anonfun$onChange$1(MetalsLanguageServer.scala:725)
	at scala.meta.internal.metals.MetalsLanguageServer.$anonfun$onChange$1$adapted(MetalsLanguageServer.scala:724)
	at scala.collection.immutable.Stream.foreach(Stream.scala:533)
	at scala.meta.internal.metals.MetalsLanguageServer.onChange(MetalsLanguageServer.scala:724)
	at scala.meta.internal.metals.MetalsLanguageServer.didChangeWatchedFiles(MetalsLanguageServer.scala:689)
	... 16 more

INFO  shutting down Metals
